d:\_cs\vs projects\dsemi\temp\debug-x64\dsemi\dsemi.pch
d:\_cs\vs projects\dsemi\temp\debug-x64\dsemi\dsemi.pdb
d:\_cs\vs projects\dsemi\temp\debug-x64\dsemi\dsemi.idb
d:\_cs\vs projects\dsemi\temp\debug-x64\dsemi\dspch.obj
d:\_cs\vs projects\dsemi\temp\debug-x64\dsemi\dsemiexception.obj
d:\_cs\vs projects\dsemi\temp\debug-x64\dsemi\scenemanager.obj
d:\_cs\vs projects\dsemi\temp\debug-x64\dsemi\scene.obj
d:\_cs\vs projects\dsemi\temp\debug-x64\dsemi\vector2f.obj
d:\_cs\vs projects\dsemi\temp\debug-x64\dsemi\vector2d.obj
d:\_cs\vs projects\dsemi\temp\debug-x64\dsemi\device.obj
d:\_cs\vs projects\dsemi\temp\debug-x64\dsemi\ibindable.obj
d:\_cs\vs projects\dsemi\temp\debug-x64\dsemi\camera3d.obj
d:\_cs\vs projects\dsemi\temp\debug-x64\dsemi\swap_chain.obj
d:\_cs\vs projects\dsemi\temp\debug-x64\dsemi\vertex_shader.obj
d:\_cs\vs projects\dsemi\temp\debug-x64\dsemi\vertex_buffer.obj
d:\_cs\vs projects\dsemi\temp\debug-x64\dsemi\fragment_shader.obj
d:\_cs\vs projects\dsemi\temp\debug-x64\dsemi\graphics.obj
d:\_cs\vs projects\dsemi\temp\debug-x64\dsemi\graphics_dx11_impl.obj
d:\_cs\vs projects\dsemi\temp\debug-x64\dsemi\device_dx11_impl.obj
d:\_cs\vs projects\dsemi\temp\debug-x64\dsemi\world.obj
d:\_cs\vs projects\dsemi\temp\debug-x64\dsemi\entity_array.obj
d:\_cs\vs projects\dsemi\temp\debug-x64\dsemi\component_array.obj
d:\_cs\vs projects\dsemi\temp\debug-x64\dsemi\component_flag.obj
d:\_cs\vs projects\dsemi\temp\debug-x64\dsemi\component.obj
d:\_cs\vs projects\dsemi\temp\debug-x64\dsemi\timer.obj
d:\_cs\vs projects\dsemi\temp\debug-x64\dsemi\string.obj
d:\_cs\vs projects\dsemi\temp\debug-x64\dsemi\logger.obj
d:\_cs\vs projects\dsemi\temp\debug-x64\dsemi\bitset.obj
d:\_cs\vs projects\dsemi\temp\debug-x64\dsemi\vector2i.obj
d:\_cs\vs projects\dsemi\temp\debug-x64\dsemi\rendercontext.obj
d:\_cs\vs projects\dsemi\temp\debug-x64\dsemi\vector3.obj
d:\_cs\vs projects\dsemi\temp\debug-x64\dsemi\vector2.obj
d:\_cs\vs projects\dsemi\temp\debug-x64\dsemi\random.obj
d:\_cs\vs projects\dsemi\temp\debug-x64\dsemi\quaternion.obj
d:\_cs\vs projects\dsemi\temp\debug-x64\dsemi\texturecodex.obj
d:\_cs\vs projects\dsemi\temp\debug-x64\dsemi\texture2d.obj
d:\_cs\vs projects\dsemi\temp\debug-x64\dsemi\mesh.obj
d:\_cs\vs projects\dsemi\temp\debug-x64\dsemi\material.obj
d:\_cs\vs projects\dsemi\temp\debug-x64\dsemi\layerstack.obj
d:\_cs\vs projects\dsemi\temp\debug-x64\dsemi\layer.obj
d:\_cs\vs projects\dsemi\temp\debug-x64\dsemi\application.obj
d:\_cs\vs projects\dsemi\temp\debug-x64\dsemi\gfxresourcemanager.obj
d:\_cs\vs projects\dsemi\temp\debug-x64\dsemi\gfxresource.obj
d:\_cs\vs projects\dsemi\temp\debug-x64\dsemi\direct3d.obj
d:\_cs\vs projects\dsemi\temp\debug-x64\dsemi\window.obj
d:\_cs\vs projects\dsemi\temp\debug-x64\dsemi\input.obj
d:\_cs\vs projects\dsemi\temp\debug-x64\dsemi\hresultexception.obj
d:\_cs\vs projects\dsemi\temp\debug-x64\dsemi\binary_reader.obj
d:\_cs\vs projects\dsemi\temp\debug-x64\dsemi\pipeline_base.obj
d:\_cs\vs projects\dsemi\temp\debug-x64\dsemi\shape2d.obj
d:\_cs\vs projects\dsemi\temp\debug-x64\dsemi\render_target.obj
d:\_cs\vs projects\dsemi\temp\debug-x64\dsemi\opentype.obj
d:\_cs\vs projects\dsemi\temp\debug-x64\dsemi\rect.obj
d:\_cs\vs projects\dsemi\temp\debug-x64\dsemi\window_win32_impl.obj
d:\_cs\vs projects\dsemi\temp\debug-x64\dsemi\window_rewrite.obj
d:\_cs\vs projects\dsemi\temp\debug-x64\dsemi\frame.obj
d:\_cs\vs projects\dsemi\temp\debug-x64\dsemi\element.obj
d:\_cs\vs projects\dsemi\temp\debug-x64\dsemi\pipeline.obj
d:\_cs\vs projects\dsemi\temp\debug-x64\dsemi\colour.obj
d:\_cs\vs projects\dsemi\devapp\shaders\default_ps.cso
d:\_cs\vs projects\dsemi\devapp\shaders\default_vs.cso
d:\_cs\vs projects\dsemi\devapp\shaders\rect2d_ps.cso
d:\_cs\vs projects\dsemi\devapp\shaders\rect2d_vs.cso
d:\_cs\vs projects\dsemi\bin\debug-x64\dsemi\dsemi.lib
d:\_cs\vs projects\dsemi\bin\debug-x64\dsemi\dsemi.pdb
d:\_cs\vs projects\dsemi\temp\debug-x64\dsemi\dsemi.tlog\cl.command.1.tlog
d:\_cs\vs projects\dsemi\temp\debug-x64\dsemi\dsemi.tlog\cl.read.1.tlog
d:\_cs\vs projects\dsemi\temp\debug-x64\dsemi\dsemi.tlog\cl.write.1.tlog
d:\_cs\vs projects\dsemi\temp\debug-x64\dsemi\dsemi.tlog\fxc.command.1.tlog
d:\_cs\vs projects\dsemi\temp\debug-x64\dsemi\dsemi.tlog\fxc.read.1.tlog
d:\_cs\vs projects\dsemi\temp\debug-x64\dsemi\dsemi.tlog\fxc.write.1.tlog
d:\_cs\vs projects\dsemi\temp\debug-x64\dsemi\dsemi.tlog\lib-link.read.1.tlog
d:\_cs\vs projects\dsemi\temp\debug-x64\dsemi\dsemi.tlog\lib-link.write.1.tlog
d:\_cs\vs projects\dsemi\temp\debug-x64\dsemi\dsemi.tlog\lib.command.1.tlog
